<?xml version="1.0" encoding="UTF-8"?>
<!-- Generated by org.testng.reporters.JUnitReportReporter -->
<testsuite skipped="0" hostname="abhilash-PC" name="pageObjectModel.LoginPageTest" tests="1" failures="0" timestamp="2022-03-27T13:55:33 IST" time="14.486" errors="0">
  <testcase name="test01" time="14.486" classname="pageObjectModel.LoginPageTest"/>
  <system-out/>
</testsuite> <!-- pageObjectModel.LoginPageTest -->
