<?xml version="1.0" encoding="UTF-8"?>
<!-- Generated by org.testng.reporters.JUnitReportReporter -->
<testsuite skipped="0" hostname="abhilash-PC" name="com.firstmaven.TestLogin" tests="2" failures="0" timestamp="2022-03-20T14:20:18 IST" time="0.006" errors="0">
  <testcase name="testCase02" time="0.003" classname="com.firstmaven.TestLogin"/>
  <system-out/>
  <testcase name="testCase01" time="0.003" classname="com.firstmaven.TestLogin"/>
  <system-out/>
</testsuite> <!-- com.firstmaven.TestLogin -->
