<?xml version="1.0" encoding="UTF-8"?>
<!-- Generated by org.testng.reporters.JUnitReportReporter -->
<testsuite skipped="0" hostname="abhilash-PC" name="pageObjectModel.LoginPageNewTest" tests="1" failures="0" timestamp="2022-03-27T19:15:42 IST" time="5.555" errors="0">
  <testcase name="test01" time="5.555" classname="pageObjectModel.LoginPageNewTest"/>
  <system-out/>
</testsuite> <!-- pageObjectModel.LoginPageNewTest -->
