<?xml version="1.0" encoding="UTF-8"?>
<!-- Generated by org.testng.reporters.JUnitReportReporter -->
<testsuite skipped="0" hostname="abhilash-PC" name="com.firstmaven.TestRegistration" tests="2" failures="0" timestamp="2022-03-20T14:20:18 IST" time="0.005" errors="0">
  <testcase name="testCase04" time="0.003" classname="com.firstmaven.TestRegistration"/>
  <system-out/>
  <testcase name="testCase03" time="0.002" classname="com.firstmaven.TestRegistration"/>
  <system-out/>
</testsuite> <!-- com.firstmaven.TestRegistration -->
