<?xml version="1.0" encoding="UTF-8"?>
<!-- Generated by org.testng.reporters.JUnitReportReporter -->
<testsuite skipped="0" hostname="abhilash-PC" name="pageObjectModel.RegistrationPageTest" tests="1" failures="0" timestamp="2022-03-30T17:46:55 IST" time="12.228" errors="0">
  <testcase name="testRegistration" time="12.228" classname="pageObjectModel.RegistrationPageTest"/>
  <system-out/>
</testsuite> <!-- pageObjectModel.RegistrationPageTest -->
