<?xml version="1.0" encoding="UTF-8"?>
<!-- Generated by org.testng.reporters.JUnitReportReporter -->
<testsuite skipped="0" hostname="abhilash-PC" name="com.firstmaven.DashBoard" tests="1" failures="0" timestamp="2022-03-20T14:20:18 IST" time="0.014" errors="0">
  <testcase name="testCase05" time="0.014" classname="com.firstmaven.DashBoard"/>
  <system-out/>
</testsuite> <!-- com.firstmaven.DashBoard -->
